0 info it worked if it ends with ok
1 verbose cli [ '/usr/local/bin/node', '/usr/local/bin/npm', 'run', 'travis' ]
2 info using npm@3.9.5
3 info using node@v6.2.2
4 verbose run-script [ 'pretravis', 'travis', 'posttravis' ]
5 info lifecycle fac-cycle@1.0.0~pretravis: fac-cycle@1.0.0
6 silly lifecycle fac-cycle@1.0.0~pretravis: no script for pretravis, continuing
7 info lifecycle fac-cycle@1.0.0~travis: fac-cycle@1.0.0
8 verbose lifecycle fac-cycle@1.0.0~travis: unsafe-perm in lifecycle true
9 verbose lifecycle fac-cycle@1.0.0~travis: PATH: /usr/local/lib/node_modules/npm/bin/node-gyp-bin:/Users/mattia/FAC8/9week/fac-cycle/node_modules/.bin:/usr/local/bin:/Users/mattia/FAC8/9week/fac-cycle/node_modules/.bin:/Library/Developer/CommandLineTools/usr/libexec/git-core:/usr/local/bin:/usr/bin:/bin:/usr/sbin:/sbin:/Users/mattia/anaconda/lib/python2.7/site-packages/django:/Library/PostgreSQL/9.5/bin/psql:/usr/local/share/npm/bin:/usr/local/git/bin:/Library/TeX/texbin
10 verbose lifecycle fac-cycle@1.0.0~travis: CWD: /Users/mattia/FAC8/9week/fac-cycle
11 silly lifecycle fac-cycle@1.0.0~travis: Args: [ '-c', 'npm run lint && npm test' ]
12 silly lifecycle fac-cycle@1.0.0~travis: Returned: code: 1  signal: null
13 info lifecycle fac-cycle@1.0.0~travis: Failed to exec travis script
14 verbose stack Error: fac-cycle@1.0.0 travis: `npm run lint && npm test`
14 verbose stack Exit status 1
14 verbose stack     at EventEmitter.<anonymous> (/usr/local/lib/node_modules/npm/lib/utils/lifecycle.js:245:16)
14 verbose stack     at emitTwo (events.js:106:13)
14 verbose stack     at EventEmitter.emit (events.js:191:7)
14 verbose stack     at ChildProcess.<anonymous> (/usr/local/lib/node_modules/npm/lib/utils/spawn.js:24:14)
14 verbose stack     at emitTwo (events.js:106:13)
14 verbose stack     at ChildProcess.emit (events.js:191:7)
14 verbose stack     at maybeClose (internal/child_process.js:852:16)
14 verbose stack     at Process.ChildProcess._handle.onexit (internal/child_process.js:215:5)
15 verbose pkgid fac-cycle@1.0.0
16 verbose cwd /Users/mattia/FAC8/9week/fac-cycle
17 error Darwin 15.0.0
18 error argv "/usr/local/bin/node" "/usr/local/bin/npm" "run" "travis"
19 error node v6.2.2
20 error npm  v3.9.5
21 error code ELIFECYCLE
22 error fac-cycle@1.0.0 travis: `npm run lint && npm test`
22 error Exit status 1
23 error Failed at the fac-cycle@1.0.0 travis script 'npm run lint && npm test'.
23 error Make sure you have the latest version of node.js and npm installed.
23 error If you do, this is most likely a problem with the fac-cycle package,
23 error not with npm itself.
23 error Tell the author that this fails on your system:
23 error     npm run lint && npm test
23 error You can get information on how to open an issue for this project with:
23 error     npm bugs fac-cycle
23 error Or if that isn't available, you can get their info via:
23 error     npm owner ls fac-cycle
23 error There is likely additional logging output above.
24 verbose exit [ 1, true ]
